This file contains any messages produced by compilers while
running configure, to aid debugging if configure makes a mistake.

It was created by configure, which was
generated by GNU Autoconf 2.52.20141204.  Invocation command line was

  $ ./configure 

## ---------- ##
## Platform.  ##
## ---------- ##

hostname = Huis-MacBook.local
uname -m = x86_64
uname -r = 15.6.0
uname -s = Darwin
uname -v = Darwin Kernel Version 15.6.0: Mon Nov 13 21:58:35 PST 2017; root:xnu-3248.72.11~1/RELEASE_X86_64

/usr/bin/uname -p = i386
/bin/uname -X     = unknown

/bin/arch              = unknown
/usr/bin/arch -k       = unknown
/usr/convex/getsysinfo = unknown
hostinfo               = Mach kernel version:
	 Darwin Kernel Version 15.6.0: Mon Nov 13 21:58:35 PST 2017; root:xnu-3248.72.11~1/RELEASE_X86_64
Kernel configured for up to 2 processors.
2 processors are physically available.
2 processors are logically available.
Processor type: i486 (Intel 80486)
Processors active: 0 1
Primary memory available: 8.00 gigabytes
Default processor set: 318 tasks, 1312 threads, 2 processors
Load average: 1.96, Mach factor: 0.51
/bin/machine           = unknown
/usr/bin/oslevel       = unknown
/bin/universe          = unknown

PATH = /Developer/NVIDIA/CUDA-6.5/bin:/Users/huiw/python-root/bin:/usr/local/bin:/usr/bin:/bin:/usr/sbin:/sbin:/opt/X11/bin:/opt/local/bin:/Users/huiw/Library/Python/2.7/bin

## ------------ ##
## Core tests.  ##
## ------------ ##

configure:966: PATH=".;."; conftest.sh
./configure: line 967: conftest.sh: command not found
configure:969: $? = 127
configure:1015: checking build system type
configure:1033: result: x86_64-apple-darwin15.6.0
configure:1041: checking host system type
configure:1055: result: x86_64-apple-darwin15.6.0
configure:1081: result: Configuring for darwin15.6.0
configure:1105: checking whether make sets ${MAKE}
configure:1125: result: yes
configure:1178: checking for gcc
configure:1193: found /usr/bin/gcc
configure:1201: result: gcc
configure:1429: checking for C compiler version
configure:1432: gcc --version </dev/null >&5
Configured with: --prefix=/Applications/Xcode.app/Contents/Developer/usr --with-gxx-include-dir=/usr/include/c++/4.2.1
Apple LLVM version 8.0.0 (clang-800.0.42.1)
Target: x86_64-apple-darwin15.6.0
Thread model: posix
InstalledDir: /Applications/Xcode.app/Contents/Developer/Toolchains/XcodeDefault.xctoolchain/usr/bin
configure:1435: $? = 0
configure:1437: gcc -v </dev/null >&5
Configured with: --prefix=/Applications/Xcode.app/Contents/Developer/usr --with-gxx-include-dir=/usr/include/c++/4.2.1
Apple LLVM version 8.0.0 (clang-800.0.42.1)
Target: x86_64-apple-darwin15.6.0
Thread model: posix
InstalledDir: /Applications/Xcode.app/Contents/Developer/Toolchains/XcodeDefault.xctoolchain/usr/bin
configure:1440: $? = 0
configure:1442: gcc -V </dev/null >&5
clang: error: argument to '-V' is missing (expected 1 value)
clang: error: no input files
configure:1445: $? = 1
configure:1465: checking for C compiler default output
configure:1468: gcc    conftest.c  >&5
configure:1471: $? = 0
configure:1500: result: a.out
configure:1505: checking whether the C compiler works
configure:1511: ./a.out
configure:1514: $? = 0
configure:1529: result: yes
configure:1536: checking whether we are cross compiling
configure:1538: result: no
configure:1541: checking for executable suffix
configure:1543: gcc -o conftest    conftest.c  >&5
configure:1546: $? = 0
configure:1568: result: 
configure:1574: checking for object suffix
configure:1592: gcc -c   conftest.c >&5
configure:1595: $? = 0
configure:1614: result: o
configure:1618: checking whether we are using the GNU C compiler
configure:1639: gcc -c   conftest.c >&5
configure:1642: $? = 0
configure:1645: test -s conftest.o
configure:1648: $? = 0
configure:1660: result: yes
configure:1666: checking whether gcc accepts -g
configure:1684: gcc -c -g  conftest.c >&5
configure:1687: $? = 0
configure:1690: test -s conftest.o
configure:1693: $? = 0
configure:1703: result: yes
configure:1730: gcc -c -g -O2  conftest.c >&5
conftest.c:2:3: error: unknown type name 'choke'
  choke me
  ^
conftest.c:2:11: error: expected ';' after top level declarator
  choke me
          ^
          ;
2 errors generated.
configure:1733: $? = 1
configure: failed program was:
#ifndef __cplusplus
  choke me
#endif
configure:1834: checking version of gcc
configure:1838: result: 8.0.0
configure:1842: checking for gcc option to accept ANSI C
configure:1899: gcc  -c -g -O2  conftest.c >&5
configure:1902: $? = 0
configure:1905: test -s conftest.o
configure:1908: $? = 0
configure:1925: result: none needed
configure:1936: checking $CC variable
configure:2028: result: ok
configure:2039: checking how to run the C preprocessor
configure:2065: gcc -E  conftest.c
configure:2071: $? = 0
configure:2098: gcc -E  conftest.c
configure:2095:10: fatal error: 'ac_nonexistent.h' file not found
#include <ac_nonexistent.h>
         ^
1 error generated.
configure:2104: $? = 1
configure: failed program was:
#line 2094 "configure"
#include "confdefs.h"
#include <ac_nonexistent.h>
configure:2141: result: gcc -E
configure:2156: gcc -E  conftest.c
configure:2162: $? = 0
configure:2189: gcc -E  conftest.c
configure:2186:10: fatal error: 'ac_nonexistent.h' file not found
#include <ac_nonexistent.h>
         ^
1 error generated.
configure:2195: $? = 1
configure: failed program was:
#line 2185 "configure"
#include "confdefs.h"
#include <ac_nonexistent.h>
configure:2239: checking for mawk
configure:2265: result: no
configure:2239: checking for gawk
configure:2254: found /opt/local/bin/gawk
configure:2262: result: gawk
configure:2284: checking for a BSD compatible install
configure:2333: result: /usr/bin/install -c
configure:2358: checking for tdlint
configure:2384: result: no
configure:2358: checking for lint
configure:2384: result: no
configure:2358: checking for alint
configure:2384: result: no
configure:2358: checking for splint
configure:2373: found /opt/local/bin/splint
configure:2381: result: splint
configure:2391: checking if filesystem supports mixed-case filenames
configure:2418: result: no
configure:2429: checking for exctags
configure:2455: result: no
configure:2429: checking for ctags
configure:2444: found /usr/bin/ctags
configure:2452: result: ctags
configure:2466: checking for exetags
configure:2492: result: no
configure:2466: checking for etags
configure:2481: found /usr/bin/etags
configure:2489: result: etags
configure:2501: checking for ctags
configure:2516: found /usr/bin/ctags
configure:2525: result: yes
configure:2582: checking if -lm needed for math functions
configure:2604: gcc -o conftest -g -O2   conftest.c  >&5
configure:2597:12: warning: implicit declaration of function 'rand' is invalid in C99 [-Wimplicit-function-declaration]
double x = rand(); printf("result = %g\n", pow(sin(x),x))
           ^
1 warning generated.
configure:2607: $? = 0
configure:2610: test -s conftest
configure:2613: $? = 0
configure:2623: result: no
configure:2682: checking for gcc __attribute__ directives...
checking for gcc __attribute__((scanf))
configure:2734: gcc -c -g -O2  conftest.c >&5
configure:2737: $? = 0
checking for gcc __attribute__((printf))
configure:2734: gcc -c -g -O2  conftest.c >&5
configure:2737: $? = 0
checking for gcc __attribute__((unused))
configure:2734: gcc -c -g -O2  conftest.c >&5
configure:2737: $? = 0
checking for gcc __attribute__((noreturn))
configure:2734: gcc -c -g -O2  conftest.c >&5
configure:2737: $? = 0
configure:3693: testing add to $CPPFLAGS  -D_DARWIN_C_SOURCE ...
configure:3975: checking for signal global datatype
configure:4010: gcc -c -g -O2   -D_DARWIN_C_SOURCE conftest.c >&5
configure:4013: $? = 0
configure:4016: test -s conftest.o
configure:4019: $? = 0
configure:4033: result: volatile sig_atomic_t
configure:4040: checking if you want to use pkg-config
configure:4050: result: yes
configure:4102: checking for pkg-config
configure:4119: found /opt/local/bin/pkg-config
configure:4131: result: /opt/local/bin/pkg-config
configure:4188: checking if you want to see long compiling messages
configure:4222: result: yes
configure:4225: checking for ncurses wrap-prefix
configure:4235: result: _nc_
configure:4238: checking if you want to check for wide-character functions
configure:4255: result: yes
configure:4258: checking for specific curses-directory
configure:4268: result: no
configure:4419: checking for specified curses library type
configure:4463: result: curses
configure:4469: checking for extra include directories
configure:4495: result: no
configure:4499: checking if we have identified curses headers
configure:4523: gcc -c -g -O2   -D_DARWIN_C_SOURCE conftest.c >&5
configure:4516:12: warning: implicit declaration of function 'tgoto' is invalid in C99 [-Wimplicit-function-declaration]
initscr(); tgoto("?", 0,0)
           ^
1 warning generated.
configure:4526: $? = 0
configure:4529: test -s conftest.o
configure:4532: $? = 0
configure:4543: result: ncurses.h
configure:4557: checking for ncurses.h
configure:4567: gcc -E   -D_DARWIN_C_SOURCE conftest.c
configure:4573: $? = 0
configure:4592: result: yes
configure:4602: checking for terminfo header
configure:4635: gcc -c -g -O2   -D_DARWIN_C_SOURCE conftest.c >&5
configure:4638: $? = 0
configure:4641: test -s conftest.o
configure:4644: $? = 0
configure:4660: result: term.h
configure:4692: checking for ncurses version
configure:4756: gcc -o conftest -g -O2   -D_DARWIN_C_SOURCE  conftest.c  >&5
configure:4759: $? = 0
configure:4761: ./conftest
configure:4764: $? = 0
configure:4778: result: 5.7.20081102
configure:4785: checking if we have identified curses libraries
configure:4800: gcc -o conftest -g -O2   -D_DARWIN_C_SOURCE  conftest.c  >&5
configure:4793:12: warning: implicit declaration of function 'tgoto' is invalid in C99 [-Wimplicit-function-declaration]
initscr(); tgoto("?", 0,0)
           ^
1 warning generated.
Undefined symbols for architecture x86_64:
  "_initscr", referenced from:
      _main in conftest-deef0c.o
  "_tgoto", referenced from:
      _main in conftest-deef0c.o
ld: symbol(s) not found for architecture x86_64
clang: error: linker command failed with exit code 1 (use -v to see invocation)
configure:4803: $? = 1
configure: failed program was:
#line 4788 "configure"
#include "confdefs.h"
#include <ncurses.h>
int
main ()
{
initscr(); tgoto("?", 0,0)
  ;
  return 0;
}
configure:4818: result: no
configure:5214: checking for tgoto
configure:5251: gcc -o conftest -g -O2   -D_DARWIN_C_SOURCE  conftest.c  >&5
Undefined symbols for architecture x86_64:
  "_tgoto", referenced from:
      _main in conftest-320b7a.o
ld: symbol(s) not found for architecture x86_64
clang: error: linker command failed with exit code 1 (use -v to see invocation)
configure:5254: $? = 1
configure: failed program was:
#line 5220 "configure"
#include "confdefs.h"
/* System header to define __stub macros and hopefully few prototypes,
    which can conflict with char tgoto (); below.  */
#include <assert.h>
/* Override any gcc2 internal prototype to avoid an error.  */
#ifdef __cplusplus
extern "C"
#endif
/* We use char because int might match the return type of a gcc2
   builtin and then its argument prototype would still apply.  */
char tgoto ();
char (*f) ();

int
main ()
{
/* The GNU C library defines this for functions which it implements
    to always fail with ENOSYS.  Some functions are actually named
    something starting with __ and the normal name is an alias.  */
#if defined (__stub_tgoto) || defined (__stub___tgoto)
choke me
#else
f = tgoto; /* workaround for ICC 12.0.3 */ if (f == 0) return 1;
#endif

  ;
  return 0;
}
configure:5270: result: no
configure:5279: checking for tgoto in -lncurses
configure:5306: gcc -o conftest -g -O2   -D_DARWIN_C_SOURCE  conftest.c -lncurses   >&5
configure:5309: $? = 0
configure:5312: test -s conftest
configure:5315: $? = 0
configure:5326: result: yes
configure:5345: checking for initscr in -lncurses
configure:5372: gcc -o conftest -g -O2   -D_DARWIN_C_SOURCE  conftest.c -lncurses  -lncurses  >&5
configure:5375: $? = 0
configure:5378: test -s conftest
configure:5381: $? = 0
configure:5392: result: yes
configure:12988: checking for NetBSD form.h
configure:13014: gcc -c -g -O2   -D_DARWIN_C_SOURCE conftest.c >&5
configure:13005:31: error: no member named 'cursor_ypos' in 'struct fieldnode'
        int y = current_field(form)->cursor_ypos;
                ~~~~~~~~~~~~~~~~~~~  ^
configure:13006:31: error: no member named 'cursor_xpos' in 'struct fieldnode'
        int x = current_field(form)->cursor_xpos;
                ~~~~~~~~~~~~~~~~~~~  ^
2 errors generated.
configure:13017: $? = 1
configure: failed program was:
#line 12995 "configure"
#include "confdefs.h"

#include <ncurses.h>
#include <form.h>

int
main ()
{

	FORM *form;
	int y = current_field(form)->cursor_ypos;
	int x = current_field(form)->cursor_xpos;

  ;
  return 0;
}
configure:13035: result: no
configure:13043: checking for NetBSD menu.h
configure:13068: gcc -c -g -O2   -D_DARWIN_C_SOURCE conftest.c >&5
configure:13060:16: error: no member named 'max_item_width' in 'struct tagMENU'
        int y = menu->max_item_width;
                ~~~~  ^
1 error generated.
configure:13071: $? = 1
configure: failed program was:
#line 13050 "configure"
#include "confdefs.h"

#include <ncurses.h>
#include <menu.h>

int
main ()
{

	MENU *menu;
	int y = menu->max_item_width;

  ;
  return 0;
}
configure:13089: result: no
configure:13107: checking for new_panel in -lpanel
configure:13134: gcc -o conftest -g -O2   -D_DARWIN_C_SOURCE  conftest.c -lpanel  -lncurses  >&5
configure:13137: $? = 0
configure:13140: test -s conftest
configure:13143: $? = 0
configure:13154: result: yes
configure:13183: checking for menu_driver in -lmenu
configure:13210: gcc -o conftest -g -O2   -D_DARWIN_C_SOURCE  conftest.c -lmenu  -lpanel -lncurses >&5
configure:13213: $? = 0
configure:13216: test -s conftest
configure:13219: $? = 0
configure:13230: result: yes
configure:13259: checking for form_driver in -lform
configure:13286: gcc -o conftest -g -O2   -D_DARWIN_C_SOURCE  conftest.c -lform  -lmenu -lpanel -lncurses >&5
configure:13289: $? = 0
configure:13292: test -s conftest
configure:13295: $? = 0
configure:13306: result: yes
configure:13346: checking for nc_alloc.h
configure:13356: gcc -E   -D_DARWIN_C_SOURCE conftest.c
configure:13353:10: fatal error: 'nc_alloc.h' file not found
#include <nc_alloc.h>
         ^
1 error generated.
configure:13362: $? = 1
configure: failed program was:
#line 13352 "configure"
#include "confdefs.h"
#include <nc_alloc.h>
configure:13381: result: no
configure:13346: checking for nomacros.h
configure:13356: gcc -E   -D_DARWIN_C_SOURCE conftest.c
configure:13353:10: fatal error: 'nomacros.h' file not found
#include <nomacros.h>
         ^
1 error generated.
configure:13362: $? = 1
configure: failed program was:
#line 13352 "configure"
#include "confdefs.h"
#include <nomacros.h>
configure:13381: result: no
configure:13346: checking for form.h
configure:13356: gcc -E   -D_DARWIN_C_SOURCE conftest.c
configure:13362: $? = 0
configure:13381: result: yes
configure:13346: checking for menu.h
configure:13356: gcc -E   -D_DARWIN_C_SOURCE conftest.c
configure:13362: $? = 0
configure:13381: result: yes
configure:13346: checking for panel.h
configure:13356: gcc -E   -D_DARWIN_C_SOURCE conftest.c
configure:13362: $? = 0
configure:13381: result: yes
configure:13346: checking for term_entry.h
configure:13356: gcc -E   -D_DARWIN_C_SOURCE conftest.c
configure:13362: $? = 0
configure:13381: result: yes
configure:13394: checking for ANSI C header files
configure:13408: gcc -E   -D_DARWIN_C_SOURCE conftest.c
configure:13414: $? = 0
configure:13501: gcc -o conftest -g -O2   -D_DARWIN_C_SOURCE  conftest.c -lform -lmenu -lpanel -lncurses >&5
configure:13504: $? = 0
configure:13506: ./conftest
configure:13509: $? = 0
configure:13522: result: yes
configure:13532: checking whether time.h and sys/time.h may both be included
configure:13554: gcc -c -g -O2   -D_DARWIN_C_SOURCE conftest.c >&5
configure:13557: $? = 0
configure:13560: test -s conftest.o
configure:13563: $? = 0
configure:13573: result: yes
configure:13596: checking for getopt.h
configure:13606: gcc -E   -D_DARWIN_C_SOURCE conftest.c
configure:13612: $? = 0
configure:13631: result: yes
configure:13596: checking for locale.h
configure:13606: gcc -E   -D_DARWIN_C_SOURCE conftest.c
configure:13612: $? = 0
configure:13631: result: yes
configure:13596: checking for math.h
configure:13606: gcc -E   -D_DARWIN_C_SOURCE conftest.c
configure:13612: $? = 0
configure:13631: result: yes
configure:13596: checking for stdarg.h
configure:13606: gcc -E   -D_DARWIN_C_SOURCE conftest.c
configure:13612: $? = 0
configure:13631: result: yes
configure:13596: checking for sys/ioctl.h
configure:13606: gcc -E   -D_DARWIN_C_SOURCE conftest.c
configure:13612: $? = 0
configure:13631: result: yes
configure:13596: checking for sys/select.h
configure:13606: gcc -E   -D_DARWIN_C_SOURCE conftest.c
configure:13612: $? = 0
configure:13631: result: yes
configure:13596: checking for sys/time.h
configure:13606: gcc -E   -D_DARWIN_C_SOURCE conftest.c
configure:13612: $? = 0
configure:13631: result: yes
configure:13596: checking for termios.h
configure:13606: gcc -E   -D_DARWIN_C_SOURCE conftest.c
configure:13612: $? = 0
configure:13631: result: yes
configure:13596: checking for unistd.h
configure:13606: gcc -E   -D_DARWIN_C_SOURCE conftest.c
configure:13612: $? = 0
configure:13631: result: yes
configure:13644: checking for unistd.h
configure:13679: result: yes
configure:13644: checking for getopt.h
configure:13679: result: yes
configure:13689: checking for header declaring getopt variables
configure:13712: gcc -c -g -O2   -D_DARWIN_C_SOURCE conftest.c >&5
configure:13705:9: error: use of undeclared identifier 'optind'
int x = optind; char *y = optarg
        ^
configure:13705:27: error: use of undeclared identifier 'optarg'
int x = optind; char *y = optarg
                          ^
2 errors generated.
configure:13715: $? = 1
configure: failed program was:
#line 13699 "configure"
#include "confdefs.h"

#include <stdio.h>
int
main ()
{
int x = optind; char *y = optarg
  ;
  return 0;
}
configure:13712: gcc -c -g -O2   -D_DARWIN_C_SOURCE conftest.c >&5
configure:13705:9: error: use of undeclared identifier 'optind'
int x = optind; char *y = optarg
        ^
configure:13705:27: error: use of undeclared identifier 'optarg'
int x = optind; char *y = optarg
                          ^
2 errors generated.
configure:13715: $? = 1
configure: failed program was:
#line 13699 "configure"
#include "confdefs.h"

#include <stdlib.h>
int
main ()
{
int x = optind; char *y = optarg
  ;
  return 0;
}
configure:13712: gcc -c -g -O2   -D_DARWIN_C_SOURCE conftest.c >&5
configure:13715: $? = 0
configure:13718: test -s conftest.o
configure:13721: $? = 0
configure:13733: result: unistd.h
configure:13756: checking for getopt
configure:13793: gcc -o conftest -g -O2   -D_DARWIN_C_SOURCE  conftest.c -lform -lmenu -lpanel -lncurses >&5
configure:13796: $? = 0
configure:13799: test -s conftest
configure:13802: $? = 0
configure:13812: result: yes
configure:13756: checking for gettimeofday
configure:13793: gcc -o conftest -g -O2   -D_DARWIN_C_SOURCE  conftest.c -lform -lmenu -lpanel -lncurses >&5
configure:13796: $? = 0
configure:13799: test -s conftest
configure:13802: $? = 0
configure:13812: result: yes
configure:13842: checking for mblen
configure:13879: gcc -o conftest -g -O2   -D_DARWIN_C_SOURCE  conftest.c -lform -lmenu -lpanel -lncurses >&5
configure:13882: $? = 0
configure:13885: test -s conftest
configure:13888: $? = 0
configure:13898: result: yes
configure:13842: checking for mbrlen
configure:13879: gcc -o conftest -g -O2   -D_DARWIN_C_SOURCE  conftest.c -lform -lmenu -lpanel -lncurses >&5
configure:13882: $? = 0
configure:13885: test -s conftest
configure:13888: $? = 0
configure:13898: result: yes
configure:13842: checking for mbrtowc
configure:13879: gcc -o conftest -g -O2   -D_DARWIN_C_SOURCE  conftest.c -lform -lmenu -lpanel -lncurses >&5
configure:13882: $? = 0
configure:13885: test -s conftest
configure:13888: $? = 0
configure:13898: result: yes
configure:13842: checking for mbsrtowcs
configure:13879: gcc -o conftest -g -O2   -D_DARWIN_C_SOURCE  conftest.c -lform -lmenu -lpanel -lncurses >&5
configure:13882: $? = 0
configure:13885: test -s conftest
configure:13888: $? = 0
configure:13898: result: yes
configure:13842: checking for mbstowcs
configure:13879: gcc -o conftest -g -O2   -D_DARWIN_C_SOURCE  conftest.c -lform -lmenu -lpanel -lncurses >&5
configure:13882: $? = 0
configure:13885: test -s conftest
configure:13888: $? = 0
configure:13898: result: yes
configure:13842: checking for mbtowc
configure:13879: gcc -o conftest -g -O2   -D_DARWIN_C_SOURCE  conftest.c -lform -lmenu -lpanel -lncurses >&5
configure:13882: $? = 0
configure:13885: test -s conftest
configure:13888: $? = 0
configure:13898: result: yes
configure:13842: checking for wcsrtombs
configure:13879: gcc -o conftest -g -O2   -D_DARWIN_C_SOURCE  conftest.c -lform -lmenu -lpanel -lncurses >&5
configure:13882: $? = 0
configure:13885: test -s conftest
configure:13888: $? = 0
configure:13898: result: yes
configure:13842: checking for wcstombs
configure:13879: gcc -o conftest -g -O2   -D_DARWIN_C_SOURCE  conftest.c -lform -lmenu -lpanel -lncurses >&5
configure:13882: $? = 0
configure:13885: test -s conftest
configure:13888: $? = 0
configure:13898: result: yes
configure:13910: checking if we must define _XOPEN_SOURCE_EXTENDED
configure:13939: gcc -o conftest -g -O2   -D_DARWIN_C_SOURCE  conftest.c -lform -lmenu -lpanel -lncurses >&5
configure:13942: $? = 0
configure:13945: test -s conftest
configure:13948: $? = 0
configure:13998: result: no
configure:14002: checking for term.h
configure:14107: result: term.h
configure:14134: checking for unctrl.h
configure:14169: gcc -c -g -O2   -D_DARWIN_C_SOURCE conftest.c >&5
configure:14172: $? = 0
configure:14175: test -s conftest.o
configure:14178: $? = 0
configure:14191: result: unctrl.h
configure:14270: checking for assume_default_colors
configure:14273: testing assume_default_colors ...
configure:14315: gcc -o conftest -g -O2   -D_DARWIN_C_SOURCE  conftest.c -lform -lmenu -lpanel -lncurses >&5
configure:14304:66: warning: format specifies type 'void *' but the argument has type 'long' [-Wformat]
fprintf(stderr, "testing linkage of assume_default_colors:%p\n", foo);
                                                          ~~     ^~~
                                                          %ld
1 warning generated.
configure:14318: $? = 0
configure:14321: test -s conftest
configure:14324: $? = 0
configure:14340: result: yes
configure:14270: checking for chgat
configure:14273: testing chgat ...
configure:14315: gcc -o conftest -g -O2   -D_DARWIN_C_SOURCE  conftest.c -lform -lmenu -lpanel -lncurses >&5
configure:14318: $? = 0
configure:14321: test -s conftest
configure:14324: $? = 0
configure:14340: result: yes
configure:14270: checking for color_set
configure:14273: testing color_set ...
configure:14315: gcc -o conftest -g -O2   -D_DARWIN_C_SOURCE  conftest.c -lform -lmenu -lpanel -lncurses >&5
configure:14318: $? = 0
configure:14321: test -s conftest
configure:14324: $? = 0
configure:14340: result: yes
configure:14270: checking for filter
configure:14273: testing filter ...
configure:14315: gcc -o conftest -g -O2   -D_DARWIN_C_SOURCE  conftest.c -lform -lmenu -lpanel -lncurses >&5
configure:14304:51: warning: format specifies type 'void *' but the argument has type 'long' [-Wformat]
fprintf(stderr, "testing linkage of filter:%p\n", foo);
                                           ~~     ^~~
                                           %ld
1 warning generated.
configure:14318: $? = 0
configure:14321: test -s conftest
configure:14324: $? = 0
configure:14340: result: yes
configure:14270: checking for getbegx
configure:14273: testing getbegx ...
configure:14315: gcc -o conftest -g -O2   -D_DARWIN_C_SOURCE  conftest.c -lform -lmenu -lpanel -lncurses >&5
configure:14304:52: warning: format specifies type 'void *' but the argument has type 'long' [-Wformat]
fprintf(stderr, "testing linkage of getbegx:%p\n", foo);
                                            ~~     ^~~
                                            %ld
1 warning generated.
configure:14318: $? = 0
configure:14321: test -s conftest
configure:14324: $? = 0
configure:14340: result: yes
configure:14270: checking for getcurx
configure:14273: testing getcurx ...
configure:14315: gcc -o conftest -g -O2   -D_DARWIN_C_SOURCE  conftest.c -lform -lmenu -lpanel -lncurses >&5
configure:14304:52: warning: format specifies type 'void *' but the argument has type 'long' [-Wformat]
fprintf(stderr, "testing linkage of getcurx:%p\n", foo);
                                            ~~     ^~~
                                            %ld
1 warning generated.
configure:14318: $? = 0
configure:14321: test -s conftest
configure:14324: $? = 0
configure:14340: result: yes
configure:14270: checking for getmaxx
configure:14273: testing getmaxx ...
configure:14315: gcc -o conftest -g -O2   -D_DARWIN_C_SOURCE  conftest.c -lform -lmenu -lpanel -lncurses >&5
configure:14304:52: warning: format specifies type 'void *' but the argument has type 'long' [-Wformat]
fprintf(stderr, "testing linkage of getmaxx:%p\n", foo);
                                            ~~     ^~~
                                            %ld
1 warning generated.
configure:14318: $? = 0
configure:14321: test -s conftest
configure:14324: $? = 0
configure:14340: result: yes
configure:14270: checking for getnstr
configure:14273: testing getnstr ...
configure:14315: gcc -o conftest -g -O2   -D_DARWIN_C_SOURCE  conftest.c -lform -lmenu -lpanel -lncurses >&5
configure:14318: $? = 0
configure:14321: test -s conftest
configure:14324: $? = 0
configure:14340: result: yes
configure:14270: checking for getparx
configure:14273: testing getparx ...
configure:14315: gcc -o conftest -g -O2   -D_DARWIN_C_SOURCE  conftest.c -lform -lmenu -lpanel -lncurses >&5
configure:14304:52: warning: format specifies type 'void *' but the argument has type 'long' [-Wformat]
fprintf(stderr, "testing linkage of getparx:%p\n", foo);
                                            ~~     ^~~
                                            %ld
1 warning generated.
configure:14318: $? = 0
configure:14321: test -s conftest
configure:14324: $? = 0
configure:14340: result: yes
configure:14270: checking for getwin
configure:14273: testing getwin ...
configure:14315: gcc -o conftest -g -O2   -D_DARWIN_C_SOURCE  conftest.c -lform -lmenu -lpanel -lncurses >&5
configure:14304:51: warning: format specifies type 'void *' but the argument has type 'long' [-Wformat]
fprintf(stderr, "testing linkage of getwin:%p\n", foo);
                                           ~~     ^~~
                                           %ld
1 warning generated.
configure:14318: $? = 0
configure:14321: test -s conftest
configure:14324: $? = 0
configure:14340: result: yes
configure:14270: checking for mvvline
configure:14273: testing mvvline ...
configure:14315: gcc -o conftest -g -O2   -D_DARWIN_C_SOURCE  conftest.c -lform -lmenu -lpanel -lncurses >&5
configure:14318: $? = 0
configure:14321: test -s conftest
configure:14324: $? = 0
configure:14340: result: yes
configure:14270: checking for mvwvline
configure:14273: testing mvwvline ...
configure:14315: gcc -o conftest -g -O2   -D_DARWIN_C_SOURCE  conftest.c -lform -lmenu -lpanel -lncurses >&5
configure:14318: $? = 0
configure:14321: test -s conftest
configure:14324: $? = 0
configure:14340: result: yes
configure:14270: checking for napms
configure:14273: testing napms ...
configure:14315: gcc -o conftest -g -O2   -D_DARWIN_C_SOURCE  conftest.c -lform -lmenu -lpanel -lncurses >&5
configure:14304:50: warning: format specifies type 'void *' but the argument has type 'long' [-Wformat]
fprintf(stderr, "testing linkage of napms:%p\n", foo);
                                          ~~     ^~~
                                          %ld
1 warning generated.
configure:14318: $? = 0
configure:14321: test -s conftest
configure:14324: $? = 0
configure:14340: result: yes
configure:14270: checking for putwin
configure:14273: testing putwin ...
configure:14315: gcc -o conftest -g -O2   -D_DARWIN_C_SOURCE  conftest.c -lform -lmenu -lpanel -lncurses >&5
configure:14304:51: warning: format specifies type 'void *' but the argument has type 'long' [-Wformat]
fprintf(stderr, "testing linkage of putwin:%p\n", foo);
                                           ~~     ^~~
                                           %ld
1 warning generated.
configure:14318: $? = 0
configure:14321: test -s conftest
configure:14324: $? = 0
configure:14340: result: yes
configure:14270: checking for resize_term
configure:14273: testing resize_term ...
configure:14315: gcc -o conftest -g -O2   -D_DARWIN_C_SOURCE  conftest.c -lform -lmenu -lpanel -lncurses >&5
configure:14304:56: warning: format specifies type 'void *' but the argument has type 'long' [-Wformat]
fprintf(stderr, "testing linkage of resize_term:%p\n", foo);
                                                ~~     ^~~
                                                %ld
1 warning generated.
configure:14318: $? = 0
configure:14321: test -s conftest
configure:14324: $? = 0
configure:14340: result: yes
configure:14270: checking for resizeterm
configure:14273: testing resizeterm ...
configure:14315: gcc -o conftest -g -O2   -D_DARWIN_C_SOURCE  conftest.c -lform -lmenu -lpanel -lncurses >&5
configure:14304:55: warning: format specifies type 'void *' but the argument has type 'long' [-Wformat]
fprintf(stderr, "testing linkage of resizeterm:%p\n", foo);
                                               ~~     ^~~
                                               %ld
1 warning generated.
configure:14318: $? = 0
configure:14321: test -s conftest
configure:14324: $? = 0
configure:14340: result: yes
configure:14270: checking for ripoffline
configure:14273: testing ripoffline ...
configure:14315: gcc -o conftest -g -O2   -D_DARWIN_C_SOURCE  conftest.c -lform -lmenu -lpanel -lncurses >&5
configure:14304:55: warning: format specifies type 'void *' but the argument has type 'long' [-Wformat]
fprintf(stderr, "testing linkage of ripoffline:%p\n", foo);
                                               ~~     ^~~
                                               %ld
1 warning generated.
configure:14318: $? = 0
configure:14321: test -s conftest
configure:14324: $? = 0
configure:14340: result: yes
configure:14270: checking for scr_dump
configure:14273: testing scr_dump ...
configure:14315: gcc -o conftest -g -O2   -D_DARWIN_C_SOURCE  conftest.c -lform -lmenu -lpanel -lncurses >&5
configure:14304:53: warning: format specifies type 'void *' but the argument has type 'long' [-Wformat]
fprintf(stderr, "testing linkage of scr_dump:%p\n", foo);
                                             ~~     ^~~
                                             %ld
1 warning generated.
configure:14318: $? = 0
configure:14321: test -s conftest
configure:14324: $? = 0
configure:14340: result: yes
configure:14270: checking for setupterm
configure:14273: testing setupterm ...
configure:14315: gcc -o conftest -g -O2   -D_DARWIN_C_SOURCE  conftest.c -lform -lmenu -lpanel -lncurses >&5
configure:14304:54: warning: format specifies type 'void *' but the argument has type 'long' [-Wformat]
fprintf(stderr, "testing linkage of setupterm:%p\n", foo);
                                              ~~     ^~~
                                              %ld
1 warning generated.
configure:14318: $? = 0
configure:14321: test -s conftest
configure:14324: $? = 0
configure:14340: result: yes
configure:14270: checking for slk_color
configure:14273: testing slk_color ...
configure:14315: gcc -o conftest -g -O2   -D_DARWIN_C_SOURCE  conftest.c -lform -lmenu -lpanel -lncurses >&5
configure:14304:54: warning: format specifies type 'void *' but the argument has type 'long' [-Wformat]
fprintf(stderr, "testing linkage of slk_color:%p\n", foo);
                                              ~~     ^~~
                                              %ld
1 warning generated.
configure:14318: $? = 0
configure:14321: test -s conftest
configure:14324: $? = 0
configure:14340: result: yes
configure:14270: checking for slk_init
configure:14273: testing slk_init ...
configure:14315: gcc -o conftest -g -O2   -D_DARWIN_C_SOURCE  conftest.c -lform -lmenu -lpanel -lncurses >&5
configure:14304:53: warning: format specifies type 'void *' but the argument has type 'long' [-Wformat]
fprintf(stderr, "testing linkage of slk_init:%p\n", foo);
                                             ~~     ^~~
                                             %ld
1 warning generated.
configure:14318: $? = 0
configure:14321: test -s conftest
configure:14324: $? = 0
configure:14340: result: yes
configure:14270: checking for termattrs
configure:14273: testing termattrs ...
configure:14315: gcc -o conftest -g -O2   -D_DARWIN_C_SOURCE  conftest.c -lform -lmenu -lpanel -lncurses >&5
configure:14304:54: warning: format specifies type 'void *' but the argument has type 'long' [-Wformat]
fprintf(stderr, "testing linkage of termattrs:%p\n", foo);
                                              ~~     ^~~
                                              %ld
1 warning generated.
configure:14318: $? = 0
configure:14321: test -s conftest
configure:14324: $? = 0
configure:14340: result: yes
configure:14270: checking for tgetent
configure:14273: testing tgetent ...
configure:14315: gcc -o conftest -g -O2   -D_DARWIN_C_SOURCE  conftest.c -lform -lmenu -lpanel -lncurses >&5
configure:14304:52: warning: format specifies type 'void *' but the argument has type 'long' [-Wformat]
fprintf(stderr, "testing linkage of tgetent:%p\n", foo);
                                            ~~     ^~~
                                            %ld
1 warning generated.
configure:14318: $? = 0
configure:14321: test -s conftest
configure:14324: $? = 0
configure:14340: result: yes
configure:14270: checking for tigetnum
configure:14273: testing tigetnum ...
configure:14315: gcc -o conftest -g -O2   -D_DARWIN_C_SOURCE  conftest.c -lform -lmenu -lpanel -lncurses >&5
configure:14304:53: warning: format specifies type 'void *' but the argument has type 'long' [-Wformat]
fprintf(stderr, "testing linkage of tigetnum:%p\n", foo);
                                             ~~     ^~~
                                             %ld
1 warning generated.
configure:14318: $? = 0
configure:14321: test -s conftest
configure:14324: $? = 0
configure:14340: result: yes
configure:14270: checking for tigetstr
configure:14273: testing tigetstr ...
configure:14315: gcc -o conftest -g -O2   -D_DARWIN_C_SOURCE  conftest.c -lform -lmenu -lpanel -lncurses >&5
configure:14304:53: warning: format specifies type 'void *' but the argument has type 'long' [-Wformat]
fprintf(stderr, "testing linkage of tigetstr:%p\n", foo);
                                             ~~     ^~~
                                             %ld
1 warning generated.
configure:14318: $? = 0
configure:14321: test -s conftest
configure:14324: $? = 0
configure:14340: result: yes
configure:14270: checking for typeahead
configure:14273: testing typeahead ...
configure:14315: gcc -o conftest -g -O2   -D_DARWIN_C_SOURCE  conftest.c -lform -lmenu -lpanel -lncurses >&5
configure:14304:54: warning: format specifies type 'void *' but the argument has type 'long' [-Wformat]
fprintf(stderr, "testing linkage of typeahead:%p\n", foo);
                                              ~~     ^~~
                                              %ld
1 warning generated.
configure:14318: $? = 0
configure:14321: test -s conftest
configure:14324: $? = 0
configure:14340: result: yes
configure:14270: checking for use_default_colors
configure:14273: testing use_default_colors ...
configure:14315: gcc -o conftest -g -O2   -D_DARWIN_C_SOURCE  conftest.c -lform -lmenu -lpanel -lncurses >&5
configure:14304:63: warning: format specifies type 'void *' but the argument has type 'long' [-Wformat]
fprintf(stderr, "testing linkage of use_default_colors:%p\n", foo);
                                                       ~~     ^~~
                                                       %ld
1 warning generated.
configure:14318: $? = 0
configure:14321: test -s conftest
configure:14324: $? = 0
configure:14340: result: yes
configure:14270: checking for use_env
configure:14273: testing use_env ...
configure:14315: gcc -o conftest -g -O2   -D_DARWIN_C_SOURCE  conftest.c -lform -lmenu -lpanel -lncurses >&5
configure:14304:52: warning: format specifies type 'void *' but the argument has type 'long' [-Wformat]
fprintf(stderr, "testing linkage of use_env:%p\n", foo);
                                            ~~     ^~~
                                            %ld
1 warning generated.
configure:14318: $? = 0
configure:14321: test -s conftest
configure:14324: $? = 0
configure:14340: result: yes
configure:14270: checking for use_extended_names
configure:14273: testing use_extended_names ...
configure:14315: gcc -o conftest -g -O2   -D_DARWIN_C_SOURCE  conftest.c -lform -lmenu -lpanel -lncurses >&5
configure:14304:63: warning: format specifies type 'void *' but the argument has type 'long' [-Wformat]
fprintf(stderr, "testing linkage of use_extended_names:%p\n", foo);
                                                       ~~     ^~~
                                                       %ld
1 warning generated.
configure:14318: $? = 0
configure:14321: test -s conftest
configure:14324: $? = 0
configure:14340: result: yes
configure:14270: checking for use_screen
configure:14273: testing use_screen ...
configure:14315: gcc -o conftest -g -O2   -D_DARWIN_C_SOURCE  conftest.c -lform -lmenu -lpanel -lncurses >&5
configure:14304:55: warning: format specifies type 'void *' but the argument has type 'long' [-Wformat]
fprintf(stderr, "testing linkage of use_screen:%p\n", foo);
                                               ~~     ^~~
                                               %ld
1 warning generated.
configure:14318: $? = 0
configure:14321: test -s conftest
configure:14324: $? = 0
configure:14340: result: yes
configure:14270: checking for use_window
configure:14273: testing use_window ...
configure:14315: gcc -o conftest -g -O2   -D_DARWIN_C_SOURCE  conftest.c -lform -lmenu -lpanel -lncurses >&5
configure:14304:55: warning: format specifies type 'void *' but the argument has type 'long' [-Wformat]
fprintf(stderr, "testing linkage of use_window:%p\n", foo);
                                               ~~     ^~~
                                               %ld
1 warning generated.
configure:14318: $? = 0
configure:14321: test -s conftest
configure:14324: $? = 0
configure:14340: result: yes
configure:14270: checking for vid_puts
configure:14273: testing vid_puts ...
configure:14315: gcc -o conftest -g -O2   -D_DARWIN_C_SOURCE  conftest.c -lform -lmenu -lpanel -lncurses >&5
configure:14303:20: error: use of undeclared identifier 'vid_puts'; did you mean 'vidputs'?
long foo = (long)(&vid_puts);
                   ^~~~~~~~
                   vidputs
/usr/include/curses.h:730:28: note: 'vidputs' declared here
extern NCURSES_EXPORT(int) vidputs (chtype, int (*)(int));              /* implemented */
                           ^
configure:14304:53: warning: format specifies type 'void *' but the argument has type 'long' [-Wformat]
fprintf(stderr, "testing linkage of vid_puts:%p\n", foo);
                                             ~~     ^~~
                                             %ld
1 warning and 1 error generated.
configure:14318: $? = 1
configure: failed program was:
#line 14282 "configure"
#include "confdefs.h"

#ifdef HAVE_XCURSES
#include <xcurses.h>
char * XCursesProgramName = "test";
#else
#include <ncurses.h>
#if defined(NCURSES_VERSION) && defined(HAVE_NCURSESW_TERM_H)
#include <ncursesw/term.h>
#elif defined(NCURSES_VERSION) && defined(HAVE_NCURSES_TERM_H)
#include <ncurses/term.h>
#elif defined(HAVE_TERM_H)
#include <term.h>
#endif
#endif

int
main ()
{

#ifndef vid_puts
long foo = (long)(&vid_puts);
fprintf(stderr, "testing linkage of vid_puts:%p\n", foo);
if (foo + 1234 > 5678)
	return(foo);
#endif

  ;
  return 0;
}
configure:14340: result: no
configure:14270: checking for vidputs
configure:14273: testing vidputs ...
configure:14315: gcc -o conftest -g -O2   -D_DARWIN_C_SOURCE  conftest.c -lform -lmenu -lpanel -lncurses >&5
configure:14304:52: warning: format specifies type 'void *' but the argument has type 'long' [-Wformat]
fprintf(stderr, "testing linkage of vidputs:%p\n", foo);
                                            ~~     ^~~
                                            %ld
1 warning generated.
configure:14318: $? = 0
configure:14321: test -s conftest
configure:14324: $? = 0
configure:14340: result: yes
configure:14270: checking for vsscanf
configure:14273: testing vsscanf ...
configure:14315: gcc -o conftest -g -O2   -D_DARWIN_C_SOURCE  conftest.c -lform -lmenu -lpanel -lncurses >&5
configure:14304:52: warning: format specifies type 'void *' but the argument has type 'long' [-Wformat]
fprintf(stderr, "testing linkage of vsscanf:%p\n", foo);
                                            ~~     ^~~
                                            %ld
1 warning generated.
configure:14318: $? = 0
configure:14321: test -s conftest
configure:14324: $? = 0
configure:14340: result: yes
configure:14270: checking for vw_printw
configure:14273: testing vw_printw ...
configure:14315: gcc -o conftest -g -O2   -D_DARWIN_C_SOURCE  conftest.c -lform -lmenu -lpanel -lncurses >&5
configure:14318: $? = 0
configure:14321: test -s conftest
configure:14324: $? = 0
configure:14340: result: yes
configure:14270: checking for wchgat
configure:14273: testing wchgat ...
configure:14315: gcc -o conftest -g -O2   -D_DARWIN_C_SOURCE  conftest.c -lform -lmenu -lpanel -lncurses >&5
configure:14304:51: warning: format specifies type 'void *' but the argument has type 'long' [-Wformat]
fprintf(stderr, "testing linkage of wchgat:%p\n", foo);
                                           ~~     ^~~
                                           %ld
1 warning generated.
configure:14318: $? = 0
configure:14321: test -s conftest
configure:14324: $? = 0
configure:14340: result: yes
configure:14270: checking for winsstr
configure:14273: testing winsstr ...
configure:14315: gcc -o conftest -g -O2   -D_DARWIN_C_SOURCE  conftest.c -lform -lmenu -lpanel -lncurses >&5
configure:14318: $? = 0
configure:14321: test -s conftest
configure:14324: $? = 0
configure:14340: result: yes
configure:14270: checking for wresize
configure:14273: testing wresize ...
configure:14315: gcc -o conftest -g -O2   -D_DARWIN_C_SOURCE  conftest.c -lform -lmenu -lpanel -lncurses >&5
configure:14304:52: warning: format specifies type 'void *' but the argument has type 'long' [-Wformat]
fprintf(stderr, "testing linkage of wresize:%p\n", foo);
                                            ~~     ^~~
                                            %ld
1 warning generated.
configure:14318: $? = 0
configure:14321: test -s conftest
configure:14324: $? = 0
configure:14340: result: yes
configure:14270: checking for wsyncdown
configure:14273: testing wsyncdown ...
configure:14315: gcc -o conftest -g -O2   -D_DARWIN_C_SOURCE  conftest.c -lform -lmenu -lpanel -lncurses >&5
configure:14304:54: warning: format specifies type 'void *' but the argument has type 'long' [-Wformat]
fprintf(stderr, "testing linkage of wsyncdown:%p\n", foo);
                                              ~~     ^~~
                                              %ld
1 warning generated.
configure:14318: $? = 0
configure:14321: test -s conftest
configure:14324: $? = 0
configure:14340: result: yes
configure:14355: checking for tputs
configure:14358: testing tputs ...
configure:14400: gcc -o conftest -g -O2   -D_DARWIN_C_SOURCE  conftest.c -lform -lmenu -lpanel -lncurses >&5
configure:14389:50: warning: format specifies type 'void *' but the argument has type 'long' [-Wformat]
fprintf(stderr, "testing linkage of tputs:%p\n", foo);
                                          ~~     ^~~
                                          %ld
1 warning generated.
configure:14403: $? = 0
configure:14406: test -s conftest
configure:14409: $? = 0
configure:14425: result: yes
configure:14469: gcc -c -g -O2   -D_DARWIN_C_SOURCE conftest.c >&5
configure:14472: $? = 0
configure:14475: test -s conftest.o
configure:14478: $? = 0
configure:14483: testing prototype int func(int value) ...
configure:14503: checking for ncurses extended functions
configure:14525: gcc -c -g -O2   -D_DARWIN_C_SOURCE conftest.c >&5
configure:14528: $? = 0
configure:14531: test -s conftest.o
configure:14534: $? = 0
configure:14590: result: defined
configure:14604: checking if _XPG5 should be defined to enable wide-characters
configure:14621: gcc -c -g -O2   -D_DARWIN_C_SOURCE conftest.c >&5
configure:14614:9: error: use of undeclared identifier '_XPG5'
int x = _XPG5
        ^
1 error generated.
configure:14624: $? = 1
configure: failed program was:
#line 14608 "configure"
#include "confdefs.h"

#include <ncurses.h>
int
main ()
{
int x = _XPG5
  ;
  return 0;
}
configure:14652: gcc -c -g -O2   -D_DARWIN_C_SOURCE -D_XPG5 conftest.c >&5
configure:14655: $? = 0
configure:14658: test -s conftest.o
configure:14661: $? = 0
configure:14672: result: yes
configure:14681: checking for wide-character functions
configure:14705: gcc -o conftest -g -O2   -D_DARWIN_C_SOURCE -D_XPG5  conftest.c -lform -lmenu -lpanel -lncurses >&5
configure:14695:10: error: unknown type name 'wchar_t'
                static wchar_t src_wchar[2];
                       ^
configure:14696:10: error: unknown type name 'cchar_t'
                static cchar_t dst_cchar;
                       ^
configure:14697:3: warning: implicit declaration of function 'setcchar' is invalid in C99 [-Wimplicit-function-declaration]
                setcchar(&dst_cchar, src_wchar, A_NORMAL, 0, (void *) 0);
                ^
1 warning and 2 errors generated.
configure:14708: $? = 1
configure: failed program was:
#line 14688 "configure"
#include "confdefs.h"

#include <ncurses.h>
int
main ()
{

		static wchar_t src_wchar[2];
		static cchar_t dst_cchar;
		setcchar(&dst_cchar, src_wchar, A_NORMAL, 0, (void *) 0);

  ;
  return 0;
}
configure:14725: result: no
configure:14746: checking if curses library uses pthreads
configure:14771: gcc -o conftest -g -O2   -D_DARWIN_C_SOURCE -D_XPG5  conftest.c -lform -lmenu -lpanel -lncurses >&5
Undefined symbols for architecture x86_64:
  "__nc_init_pthreads", referenced from:
      _main in conftest-6b38f6.o
ld: symbol(s) not found for architecture x86_64
clang: error: linker command failed with exit code 1 (use -v to see invocation)
configure:14774: $? = 1
configure: failed program was:
#line 14753 "configure"
#include "confdefs.h"

#include <ncurses.h>
extern void _nc_init_pthreads(void);

int
main ()
{

	initscr();
	_nc_init_pthreads();

  ;
  return 0;
}
configure:14791: result: no
configure:14797: checking if sys/time.h works with sys/select.h
configure:14824: gcc -c -g -O2   -D_DARWIN_C_SOURCE -D_XPG5 conftest.c >&5
configure:14827: $? = 0
configure:14830: test -s conftest.o
configure:14833: $? = 0
configure:14845: result: yes
configure:14852: checking for function curses_version
configure:14875: gcc -o conftest -g -O2   -D_DARWIN_C_SOURCE -D_XPG5  conftest.c -lform -lmenu -lpanel -lncurses >&5
configure:14878: $? = 0
configure:14880: ./conftest
configure:14883: $? = 0
configure:14898: result: yes
configure:14905: checking for alternate character set array
configure:14931: gcc -o conftest -g -O2   -D_DARWIN_C_SOURCE -D_XPG5  conftest.c -lform -lmenu -lpanel -lncurses >&5
configure:14934: $? = 0
configure:14937: test -s conftest
configure:14940: $? = 0
configure:14951: result: acs_map
configure:14961: checking for wide alternate character set array
configure:14987: gcc -o conftest -g -O2   -D_DARWIN_C_SOURCE -D_XPG5  conftest.c -lform -lmenu -lpanel -lncurses >&5
configure:14980:15: error: use of undeclared identifier 'wacs_map'; did you mean 'acs_map'?
void *foo = &(wacs_map['k'])
              ^~~~~~~~
              acs_map
/usr/include/curses.h:231:35: note: 'acs_map' declared here
extern NCURSES_EXPORT_VAR(chtype) acs_map[];
                                  ^
1 error generated.
configure:14990: $? = 1
configure: failed program was:
#line 14971 "configure"
#include "confdefs.h"

#ifndef _XOPEN_SOURCE_EXTENDED
#define _XOPEN_SOURCE_EXTENDED
#endif
#include <ncurses.h>
int
main ()
{
void *foo = &(wacs_map['k'])
  ;
  return 0;
}
configure:14987: gcc -o conftest -g -O2   -D_DARWIN_C_SOURCE -D_XPG5  conftest.c -lform -lmenu -lpanel -lncurses >&5
configure:14980:15: error: use of undeclared identifier '_wacs_map'; did you mean 'acs_map'?
void *foo = &(_wacs_map['k'])
              ^~~~~~~~~
              acs_map
/usr/include/curses.h:231:35: note: 'acs_map' declared here
extern NCURSES_EXPORT_VAR(chtype) acs_map[];
                                  ^
1 error generated.
configure:14990: $? = 1
configure: failed program was:
#line 14971 "configure"
#include "confdefs.h"

#ifndef _XOPEN_SOURCE_EXTENDED
#define _XOPEN_SOURCE_EXTENDED
#endif
#include <ncurses.h>
int
main ()
{
void *foo = &(_wacs_map['k'])
  ;
  return 0;
}
configure:14987: gcc -o conftest -g -O2   -D_DARWIN_C_SOURCE -D_XPG5  conftest.c -lform -lmenu -lpanel -lncurses >&5
configure:14980:15: error: use of undeclared identifier '__wacs_map'; did you mean 'acs_map'?
void *foo = &(__wacs_map['k'])
              ^~~~~~~~~~
              acs_map
/usr/include/curses.h:231:35: note: 'acs_map' declared here
extern NCURSES_EXPORT_VAR(chtype) acs_map[];
                                  ^
1 error generated.
configure:14990: $? = 1
configure: failed program was:
#line 14971 "configure"
#include "confdefs.h"

#ifndef _XOPEN_SOURCE_EXTENDED
#define _XOPEN_SOURCE_EXTENDED
#endif
#include <ncurses.h>
int
main ()
{
void *foo = &(__wacs_map['k'])
  ;
  return 0;
}
configure:14987: gcc -o conftest -g -O2   -D_DARWIN_C_SOURCE -D_XPG5  conftest.c -lform -lmenu -lpanel -lncurses >&5
configure:14990: $? = 0
configure:14993: test -s conftest
configure:14996: $? = 0
configure:15007: result: _nc_wacs
configure:15015: checking for wide alternate character constants
configure:15042: gcc -o conftest -g -O2   -D_DARWIN_C_SOURCE -D_XPG5  conftest.c -lform -lmenu -lpanel -lncurses >&5
configure:15045: $? = 0
configure:15048: test -s conftest
configure:15051: $? = 0
configure:15097: result: yes
configure:15107: checking for type attr_t in ncurses.h
configure:15128: gcc -c -g -O2   -D_DARWIN_C_SOURCE -D_XPG5 conftest.c >&5
configure:15131: $? = 0
configure:15134: test -s conftest.o
configure:15137: $? = 0
configure:15146: result: yes
configure:15167: checking if we must include wchar.h to declare mbstate_t
configure:15192: gcc -c -g -O2   -D_DARWIN_C_SOURCE -D_XPG5 conftest.c >&5
configure:15185:1: error: unknown type name 'mbstate_t'; did you mean '__mbstate_t'?
mbstate_t state
^~~~~~~~~
__mbstate_t
/usr/include/i386/_types.h:79:3: note: '__mbstate_t' declared here
} __mbstate_t;
  ^
1 error generated.
configure:15195: $? = 1
configure: failed program was:
#line 15174 "configure"
#include "confdefs.h"

#include <stdlib.h>
#include <stdarg.h>
#include <stdio.h>
#ifdef HAVE_LIBUTF8_H
#include <libutf8.h>
#endif
int
main ()
{
mbstate_t state
  ;
  return 0;
}
configure:15227: gcc -c -g -O2   -D_DARWIN_C_SOURCE -D_XPG5 conftest.c >&5
configure:15230: $? = 0
configure:15233: test -s conftest.o
configure:15236: $? = 0
configure:15248: result: yes
configure:15271: checking if we must include wchar.h to declare wchar_t
configure:15296: gcc -c -g -O2   -D_DARWIN_C_SOURCE -D_XPG5 conftest.c >&5
configure:15299: $? = 0
configure:15302: test -s conftest.o
configure:15305: $? = 0
configure:15352: result: no
configure:15375: checking if we must include wchar.h to declare wint_t
configure:15400: gcc -c -g -O2   -D_DARWIN_C_SOURCE -D_XPG5 conftest.c >&5
configure:15393:7: error: expected ';' after expression
wint_t state
      ^
      ;
configure:15393:1: error: use of undeclared identifier 'wint_t'
wint_t state
^
configure:15393:8: error: use of undeclared identifier 'state'
wint_t state
       ^
3 errors generated.
configure:15403: $? = 1
configure: failed program was:
#line 15382 "configure"
#include "confdefs.h"

#include <stdlib.h>
#include <stdarg.h>
#include <stdio.h>
#ifdef HAVE_LIBUTF8_H
#include <libutf8.h>
#endif
int
main ()
{
wint_t state
  ;
  return 0;
}
configure:15435: gcc -c -g -O2   -D_DARWIN_C_SOURCE -D_XPG5 conftest.c >&5
configure:15438: $? = 0
configure:15441: test -s conftest.o
configure:15444: $? = 0
configure:15456: result: yes
configure:15662: checking for data ospeed declaration in ncurses.h
configure:15694: gcc -c -g -O2   -D_DARWIN_C_SOURCE -D_XPG5 conftest.c >&5
configure:15686:15: error: use of undeclared identifier 'ospeed'
void *foo = &(ospeed)
              ^
1 error generated.
configure:15697: $? = 1
configure: failed program was:
#line 15666 "configure"
#include "confdefs.h"

#ifdef HAVE_XCURSES
#include <xcurses.h>
char * XCursesProgramName = "test";
#else
#include <ncurses.h>
#if defined(NCURSES_VERSION) && defined(HAVE_NCURSESW_TERM_H)
#include <ncursesw/term.h>
#elif defined(NCURSES_VERSION) && defined(HAVE_NCURSES_TERM_H)
#include <ncurses/term.h>
#elif defined(HAVE_TERM_H)
#include <term.h>
#endif
#endif

int
main ()
{

void *foo = &(ospeed)

  ;
  return 0;
}
configure:15712: result: no
configure:15724: checking for data ospeed in library
configure:15811: gcc -o conftest -g -O2   -D_DARWIN_C_SOURCE -D_XPG5  conftest.c -lform -lmenu -lpanel -lncurses >&5
configure:15814: $? = 0
configure:15816: ./conftest
testing linkage of ospeed:0x7fff7ed61e36
configure:15819: $? = 0
configure:15830: result: yes
configure:15843: checking for data boolnames declaration in ncurses.h
configure:15875: gcc -c -g -O2   -D_DARWIN_C_SOURCE -D_XPG5 conftest.c >&5
configure:15867:7: warning: initializing 'void *' with an expression of type 'char *const (*)[]' discards qualifiers [-Wincompatible-pointer-types-discards-qualifiers]
void *foo = &(boolnames)
      ^     ~~~~~~~~~~~~
1 warning generated.
configure:15878: $? = 0
configure:15881: test -s conftest.o
configure:15884: $? = 0
configure:15893: result: yes
configure:16024: checking for data boolfnames declaration in ncurses.h
configure:16056: gcc -c -g -O2   -D_DARWIN_C_SOURCE -D_XPG5 conftest.c >&5
configure:16048:7: warning: initializing 'void *' with an expression of type 'char *const (*)[]' discards qualifiers [-Wincompatible-pointer-types-discards-qualifiers]
void *foo = &(boolfnames)
      ^     ~~~~~~~~~~~~~
1 warning generated.
configure:16059: $? = 0
configure:16062: test -s conftest.o
configure:16065: $? = 0
configure:16074: result: yes
configure:16207: checking if you want to turn on gcc warnings
configure:16224: result: no
configure:16579: checking if you want to use dmalloc for testing
configure:16596: result: no
configure:16791: checking if you want to use dbmalloc for testing
configure:16808: result: no
configure:17003: checking if you want to use valgrind for testing
configure:17020: result: no
configure:17113: checking if you want to perform memory-leak testing
configure:17123: result: no
configure:17139: checking for an rpath option
configure:17170: result: 
configure:17233: checking if rpath-hack should be disabled
configure:17250: result: no
configure:17254: checking for updated LDFLAGS
configure:17480: result: no
configure:17570: creating ./config.status

## ----------------------- ##
## Running config.status.  ##
## ----------------------- ##

This file was extended by config.status 2.52.20141204, executed with
  CONFIG_FILES    = 
  CONFIG_HEADERS  = 
  CONFIG_LINKS    = 
  CONFIG_COMMANDS = 
  > ./config.status 
on Huis-MacBook.local

config.status:18088: creating Makefile
config.status:18241: creating ncurses_cfg.h

## ----------------- ##
## Cache variables.  ##
## ----------------- ##

ac_cv_build=x86_64-apple-darwin15.6.0
ac_cv_build_alias=x86_64-apple-darwin15.6.0
ac_cv_c_compiler_gnu=yes
ac_cv_env_CC_set=
ac_cv_env_CC_value=
ac_cv_env_CFLAGS_set=
ac_cv_env_CFLAGS_value=
ac_cv_env_CPPFLAGS_set=
ac_cv_env_CPPFLAGS_value=
ac_cv_env_CPP_set=
ac_cv_env_CPP_value=
ac_cv_env_LDFLAGS_set=
ac_cv_env_LDFLAGS_value=
ac_cv_env_build_alias_set=
ac_cv_env_build_alias_value=
ac_cv_env_host_alias_set=
ac_cv_env_host_alias_value=
ac_cv_env_target_alias_set=
ac_cv_env_target_alias_value=
ac_cv_func_getopt=yes
ac_cv_func_gettimeofday=yes
ac_cv_func_mblen=yes
ac_cv_func_mbrlen=yes
ac_cv_func_mbrtowc=yes
ac_cv_func_mbsrtowcs=yes
ac_cv_func_mbstowcs=yes
ac_cv_func_mbtowc=yes
ac_cv_func_tgoto=no
ac_cv_func_wcsrtombs=yes
ac_cv_func_wcstombs=yes
ac_cv_header_form_h=yes
ac_cv_header_getopt_h=yes
ac_cv_header_locale_h=yes
ac_cv_header_math_h=yes
ac_cv_header_menu_h=yes
ac_cv_header_nc_alloc_h=no
ac_cv_header_ncurses_h=yes
ac_cv_header_nomacros_h=no
ac_cv_header_panel_h=yes
ac_cv_header_stdarg_h=yes
ac_cv_header_stdc=yes
ac_cv_header_sys_ioctl_h=yes
ac_cv_header_sys_select_h=yes
ac_cv_header_sys_time_h=yes
ac_cv_header_term_entry_h=yes
ac_cv_header_termios_h=yes
ac_cv_header_time=yes
ac_cv_header_unistd_h=yes
ac_cv_host=x86_64-apple-darwin15.6.0
ac_cv_host_alias=x86_64-apple-darwin15.6.0
ac_cv_lib_form___form_driver=yes
ac_cv_lib_menu___menu_driver=yes
ac_cv_lib_ncurses___initscr=yes
ac_cv_lib_ncurses___tgoto=yes
ac_cv_lib_panel___new_panel=yes
ac_cv_objext=o
ac_cv_path_ac_pt_PKG_CONFIG=/opt/local/bin/pkg-config
ac_cv_path_install='/usr/bin/install -c'
ac_cv_prog_AWK=gawk
ac_cv_prog_CPP='gcc -E'
ac_cv_prog_CTAGS=ctags
ac_cv_prog_ETAGS=etags
ac_cv_prog_LINT=splint
ac_cv_prog_MAKE_LOWER_TAGS=yes
ac_cv_prog_ac_ct_CC=gcc
ac_cv_prog_cc_g=yes
ac_cv_prog_cc_stdc=
ac_cv_prog_make_make_set=yes
cf_cv_abi_version=
cf_cv_curses_acs_map=acs_map
cf_cv_curses_dir=no
cf_cv_curses_incdir=no
cf_cv_curses_wacs_map=_nc_wacs
cf_cv_curses_wacs_symbols=yes
cf_cv_func_assume_default_colors=yes
cf_cv_func_chgat=yes
cf_cv_func_color_set=yes
cf_cv_func_curses_version=yes
cf_cv_func_filter=yes
cf_cv_func_getbegx=yes
cf_cv_func_getcurx=yes
cf_cv_func_getmaxx=yes
cf_cv_func_getnstr=yes
cf_cv_func_getparx=yes
cf_cv_func_getwin=yes
cf_cv_func_mvvline=yes
cf_cv_func_mvwvline=yes
cf_cv_func_napms=yes
cf_cv_func_putwin=yes
cf_cv_func_resize_term=yes
cf_cv_func_resizeterm=yes
cf_cv_func_ripoffline=yes
cf_cv_func_scr_dump=yes
cf_cv_func_setupterm=yes
cf_cv_func_slk_color=yes
cf_cv_func_slk_init=yes
cf_cv_func_termattrs=yes
cf_cv_func_tgetent=yes
cf_cv_func_tigetnum=yes
cf_cv_func_tigetstr=yes
cf_cv_func_tputs=yes
cf_cv_func_typeahead=yes
cf_cv_func_use_default_colors=yes
cf_cv_func_use_env=yes
cf_cv_func_use_extended_names=yes
cf_cv_func_use_screen=yes
cf_cv_func_use_window=yes
cf_cv_func_vid_puts=no
cf_cv_func_vidputs=yes
cf_cv_func_vsscanf=yes
cf_cv_func_vw_printw=yes
cf_cv_func_wchgat=yes
cf_cv_func_winsstr=yes
cf_cv_func_wresize=yes
cf_cv_func_wsyncdown=yes
cf_cv_getopt_header=unistd.h
cf_cv_libtype=
cf_cv_mbstate_t=yes
cf_cv_mixedcase=no
cf_cv_ncurses_ext_funcs=defined
cf_cv_ncurses_header=ncurses.h
cf_cv_ncurses_version=5.7.20081102
cf_cv_need_libm=no
cf_cv_need_xopen_extension=no
cf_cv_netbsd_form_h=no
cf_cv_netbsd_menu_h=no
cf_cv_rel_version=
cf_cv_screen=curses
cf_cv_sig_atomic_t='volatile sig_atomic_t'
cf_cv_sys_time_select=yes
cf_cv_system_name=darwin15.6.0
cf_cv_term_header=term.h
cf_cv_unctrl_header=unctrl.h
cf_cv_use_pthreads=no
cf_cv_wchar_t=no
cf_cv_widechar_funcs=no
cf_cv_wint_t=yes

## ------------ ##
## confdefs.h.  ##
## ------------ ##

#define SYSTEM_NAME "darwin15.6.0"
#define GCC_SCANF 1
#define GCC_SCANF 1
#define GCC_SCANFLIKE(fmt,var) __attribute__((format(scanf,fmt,var)))
#define GCC_PRINTF 1
#define GCC_PRINTF 1
#define GCC_PRINTFLIKE(fmt,var) __attribute__((format(printf,fmt,var)))
#define GCC_UNUSED __attribute__((unused))
#define GCC_UNUSED __attribute__((unused))
#define GCC_NORETURN __attribute__((noreturn))
#define GCC_NORETURN __attribute__((noreturn))
#define SIG_ATOMIC_T volatile sig_atomic_t
#define HAVE_NCURSES_H 1
#define HAVE_TERM_H 1
#define NCURSES 1
#define HAVE_LIBPANEL 1
#define HAVE_LIBMENU 1
#define HAVE_LIBFORM 1
#define HAVE_FORM_H 1
#define HAVE_MENU_H 1
#define HAVE_PANEL_H 1
#define HAVE_TERM_ENTRY_H 1
#define STDC_HEADERS 1
#define TIME_WITH_SYS_TIME 1
#define HAVE_GETOPT_H 1
#define HAVE_LOCALE_H 1
#define HAVE_MATH_H 1
#define HAVE_STDARG_H 1
#define HAVE_SYS_IOCTL_H 1
#define HAVE_SYS_SELECT_H 1
#define HAVE_SYS_TIME_H 1
#define HAVE_TERMIOS_H 1
#define HAVE_UNISTD_H 1
#define HAVE_UNISTD_H 1
#define HAVE_GETOPT_H 1
#define HAVE_GETOPT_HEADER 1
#define HAVE_GETOPT 1
#define HAVE_GETTIMEOFDAY 1
#define HAVE_MBLEN 1
#define HAVE_MBRLEN 1
#define HAVE_MBRTOWC 1
#define HAVE_MBSRTOWCS 1
#define HAVE_MBSTOWCS 1
#define HAVE_MBTOWC 1
#define HAVE_WCSRTOMBS 1
#define HAVE_WCSTOMBS 1
#define HAVE_TERM_H 1
#define HAVE_UNCTRL_H 1
#define HAVE_ASSUME_DEFAULT_COLORS 1
#define HAVE_CHGAT 1
#define HAVE_COLOR_SET 1
#define HAVE_FILTER 1
#define HAVE_GETBEGX 1
#define HAVE_GETCURX 1
#define HAVE_GETMAXX 1
#define HAVE_GETNSTR 1
#define HAVE_GETPARX 1
#define HAVE_GETWIN 1
#define HAVE_MVVLINE 1
#define HAVE_MVWVLINE 1
#define HAVE_NAPMS 1
#define HAVE_PUTWIN 1
#define HAVE_RESIZE_TERM 1
#define HAVE_RESIZETERM 1
#define HAVE_RIPOFFLINE 1
#define HAVE_SCR_DUMP 1
#define HAVE_SETUPTERM 1
#define HAVE_SLK_COLOR 1
#define HAVE_SLK_INIT 1
#define HAVE_TERMATTRS 1
#define HAVE_TGETENT 1
#define HAVE_TIGETNUM 1
#define HAVE_TIGETSTR 1
#define HAVE_TYPEAHEAD 1
#define HAVE_USE_DEFAULT_COLORS 1
#define HAVE_USE_ENV 1
#define HAVE_USE_EXTENDED_NAMES 1
#define HAVE_USE_SCREEN 1
#define HAVE_USE_WINDOW 1
#define HAVE_VIDPUTS 1
#define HAVE_VSSCANF 1
#define HAVE_VW_PRINTW 1
#define HAVE_WCHGAT 1
#define HAVE_WINSSTR 1
#define HAVE_WRESIZE 1
#define HAVE_WSYNCDOWN 1
#define HAVE_TPUTS 1
#define TPUTS_ARG               int
#define TPUTS_PROTO(func,value) int func(TPUTS_ARG value)
#define TPUTS_RETURN(value)     return value
#define USE_WIDEC_SUPPORT 0
#define HAVE_SYS_TIME_SELECT 1
#define HAVE_CURSES_VERSION 1
#define CURSES_ACS_ARRAY acs_map
#define CURSES_WACS_ARRAY _nc_wacs
#define CURSES_WACS_SYMBOLS 1
#define HAVE_TYPE_ATTR_T 1
#define NEED_WCHAR_H 1
#define NEED_WCHAR_H 1
#define DECL_CURSES_DATA_OSPEED 1
#define HAVE_CURSES_DATA_BOOLNAMES 1
#define HAVE_CURSES_DATA_BOOLFNAMES 1


configure: exit 0
